
=== Thu Nov 14 12:49:24 2019

Packages were changed.
Update Mode: resetToDefaultDependencies

The following packages were added:
  com.unity.analytics@3.2.2
  com.unity.purchasing@2.0.3
  com.unity.ads@2.0.8
The following packages were updated:
  com.unity.textmeshpro from version 2.0.1 to 1.4.1
  com.unity.package-manager-ui from version 2.2.0 to 2.0.7
  com.unity.collab-proxy from version 1.2.16 to 1.2.15
The following packages were removed:
  com.unity.ext.nunit@1.0.0
  com.unity.ide.rider@1.0.8
  com.unity.ide.vscode@1.0.7
  com.unity.test-framework@1.0.13
  com.unity.timeline@1.1.0
  com.unity.ugui@1.0.0
  com.unity.xr.openvr.standalone@1.0.5
  com.unity.modules.androidjni@1.0.0
